<?xml version="1.0" encoding="UTF-8"?>
<!-- Generated by org.testng.reporters.JUnitXMLReporter -->
<testsuite ignored="0" hostname="DESKTOP-7FSBEG4" failures="1" tests="1" name="ChromeTest" time="0.004" errors="0" timestamp="2022-05-20T19:19:10 IST">
  <testcase classname="Pack_01.crossBrowser" name="f" time="0.0">
    <failure type="org.testng.TestNGException" message="
Parameter &amp;apos;broswer&amp;apos; is required by @Test on method f but has not been marked @Optional or defined
in D:\eclipse-selenium-workspace\TestNgproject\src\Pack_01\CrossBrowserTest.xml">
      <![CDATA[org.testng.TestNGException: 
Parameter 'broswer' is required by @Test on method f but has not been marked @Optional or defined
in D:\eclipse-selenium-workspace\TestNgproject\src\Pack_01\CrossBrowserTest.xml
at java.base/java.util.ArrayList.forEach(ArrayList.java:1511)
... Removed 26 stack frames]]>
    </failure>
  </testcase> <!-- f -->
</testsuite> <!-- ChromeTest -->
