<?xml version="1.0" encoding="UTF-8"?>
<!-- Generated by org.testng.reporters.JUnitXMLReporter -->
<testsuite ignored="1" hostname="DESKTOP-7FSBEG4" failures="1" tests="1" name="Test(failed)" time="0.042" errors="0" timestamp="2022-05-19T16:00:26 IST">
  <testcase classname="Pack_01.RunFailedTc" name="FailedTC" time="0.008">
    <failure type="graphql.AssertException" message="condition expected to be false">
      <![CDATA[graphql.AssertException: condition expected to be false
at graphql.Assert.assertFalse(Assert.java:99)
at Pack_01.RunFailedTc.FailedTC(RunFailedTc.java:31)
at java.base/java.util.ArrayList.forEach(ArrayList.java:1511)
... Removed 27 stack frames]]>
    </failure>
  </testcase> <!-- FailedTC -->
  <testcase classname="Pack_01.RunFailedTc" name="Titlecheck" time="0.0">
    <ignored/>
  </testcase> <!-- Titlecheck -->
</testsuite> <!-- Test(failed) -->
